Exam/proguard-project.txt
# To enable ProGuard in your project, edit project.properties
# to define the proguard.config property as described in that file.
#
# Add project specific ProGuard rules here.
# By default, the flags in this file are appended to flags specified
# in ${sdk.dir}/tools/proguard/proguard-android.txt
# You can edit the include path and order by changing the ProGuard
# include property in project.properties.
#
# For more details, see
#   http://developer.android.com/guide/developing/tools/proguard.html

# Add any project specific keep options here:

# If your project uses WebView with JS, uncomment the following
# and specify the fully qualified class name to the JavaScript interface
# class:
#-keepclassmembers class fqcn.of.javascript.interface.for.webview {
#   public *;
#}

-optimizationpasses 5 
-dontusemixedcaseclassnames  
-dontskipnonpubliclibraryclasses  
-dontoptimize
#-dontpreverify  
-verbose  
-optimizations !code/simplification/arithmetic,!field/*,!class/merging/*  

-libraryjars   libs/android-support-v4.jar 
-libraryjars   libs/android-support-v7-appcompat.jar 
-libraryjars   libs/Android_Location_V1.1.1.jar
-libraryjars   libs/Android_Map_2.2.0.jar
-libraryjars   libs/Android_Services_2.2.0.jar
-libraryjars   libs/android-async-http-1.4.4.jar
-libraryjars   libs/gson.jar
-libraryjars   libs/pinyin4j-2.5.0.jar
-libraryjars   libs/pushservice-4.0.0.jar
-libraryjars   libs/volley.jar
-libraryjars <java.home>/lib/rt.jar  

-dontwarn android.support.v4.**
-dontwarn android.support.v7.**
-dontwarn com.google.gson.**
-dontwarn com.hp.hpl.sparta.**
-dontwarn net.sourceforge.pinyin4j.**
-dontwarn pinyindb.**
-dontwarn demo.**
-dontwarn com.android.volley.**
-dontwarn com.amap.api.**
-dontwarn com.aps.**
-dontwarn com.autonavi.**
-dontwarn com.loopj.**
-dontwarn com.baidu.**

-allowaccessmodification
-keepattributes *Annotation*
-renamesourcefileattribute SourceFile
-keepattributes SourceFile,LineNumberTable
-repackageclasses ''

-keep class android.** {*;}
-keep class android.support.v4.** { *; }   
-keep class android.support.v7.** { *; }   
-keep class com.google.gson.** { *; }   
-keep class com.hp.hpl.sparta.** { *; }   
-keep class net.sourceforge.pinyin4j.** { *; }   
-keep class com.android.volley.** { *; }   
-keep class com.amap.api.** { *; }   
-keep class com.aps.** { *; }   
-keep class com.autonavi.** { *; }   
-keep class com.autonavi.** { *; }   
-keep class com.loopj.** { *; }   
-keep class com.baidu.** { *; }   
-keep class org.tang.exam.entity.** { *; }  
-keep class org.tang.exam.rest.** { *; }  

#-keep public class org.tang.exam.entity.SerializeHelper{
#	public  <methods>; 
#}
#-keep public final class org.tang.exam.common.UserCache{
#	public  <methods>; 
#}

#-keep public final class org.tang.exam.common.SyncRoster{
#	public  <methods>; 
#}

#-keep public  class org.tang.exam.db.DBAdapter{
#	public  <methods>; 
#}



-keep public class * extends android.app.Activity   
-keep public class * extends android.app.Application   
-keep public class * extends android.app.Service   
-keep public class * extends android.content.BroadcastReceiver   
-keep public class * extends android.content.ContentProvider   
-keep public class * extends android.app.backup.BackupAgentHelper   
-keep public class * extends android.preference.Preference   
-keep public class * extends android.app.Fragment 
-keep public class com.google.vending.licensing.ILicensingService
-keep public class com.android.vending.licensing.ILicensingService
#-keep public class * extends android.support.v7.app.ActionBarActivity   
#-keep public class * extends android.widget.BaseAdapter
#-keep public class * extends com.baidu.frontia.api.FrontiaPushMessageReceiver
-keep public class * extends org.tang.exam.rest.BaseRequest
#-keep public class * extends org.tang.exam.db.DBAdapter{
#	public  <methods>; 
#}


-keepclassmembers public class * extends android.view.View {
   void set*(***);
   *** get*();
}

-keepclassmembers class * extends android.app.Activity {
	public void *(android.view.View);
}
-keepclasseswithmembernames class * {       
    native <methods>;   
} 
-keepclasseswithmembernames class * {  
    public <init>(android.content.Context, android.util.AttributeSet);  
}  
-keepclasseswithmembernames class * {  
    public <init>(android.content.Context, android.util.AttributeSet, int);  
} 

-keepclassmembers enum * {
    public static **[] values();
    public static ** valueOf(java.lang.String);
}
-keep class * implements android.os.Parcelable {
  public static final android.os.Parcelable$Creator *;
} 

-keepclassmembers class **.R$* {
    public static <fields>;
}

-keepnames class * implements java.io.Serializable 

-keepclassmembers class * implements java.io.Serializable { 
    static final long serialVersionUID; 
    private static final java.io.ObjectStreamField[] serialPersistentFields; 
    private void writeObject(java.io.ObjectOutputStream); 
    private void readObject(java.io.ObjectInputStream); 
    java.lang.Object writeReplace(); 
    java.lang.Object readResolve(); 
} 

-keepclassmembers class * implements java.io.Serializable {  
    <fields>;  
}  

-keepattributes Signature

-keep class sun.misc.Unsafe { *; }
-keep class com.google.gson.** { *; }
-keep class com.google.gson.JsonObject { *; }
-keep class com.google.gson.examples.android.model.** { *; }


-assumenosideeffects class android.util.Log {
    public static *** e(...);
    public static *** w(...);
    public static *** d(...);
    public static *** v(...);
}