Exam/proguard/seeds.txt
org.tang.exam.R$anim: int abc_fade_in
org.tang.exam.R$anim: int abc_fade_out
org.tang.exam.R$anim: int abc_slide_in_bottom
org.tang.exam.R$anim: int abc_slide_in_top
org.tang.exam.R$anim: int abc_slide_out_bottom
org.tang.exam.R$anim: int abc_slide_out_top
org.tang.exam.R$anim: int activity_close_enter
org.tang.exam.R$anim: int activity_close_exit
org.tang.exam.R$anim: int activity_open_enter
org.tang.exam.R$anim: int activity_open_exit
org.tang.exam.R$anim: int back_scale
org.tang.exam.R$anim: int buttomtip_in
org.tang.exam.R$anim: int buttomtip_out
org.tang.exam.R$anim: int cancel_rc
org.tang.exam.R$anim: int cancel_rc2
org.tang.exam.R$anim: int chat_plug_retate_close
org.tang.exam.R$anim: int chat_plug_retate_open
org.tang.exam.R$anim: int content_down
org.tang.exam.R$anim: int content_up
org.tang.exam.R$anim: int controller_enter
org.tang.exam.R$anim: int controller_exit
org.tang.exam.R$anim: int cycle_7
org.tang.exam.R$anim: int decelerate_cubic
org.tang.exam.R$anim: int decelerate_quint
org.tang.exam.R$anim: int dialog_activity_close_exit
org.tang.exam.R$anim: int dialog_activity_open_enter
org.tang.exam.R$anim: int dialog_activity_open_exit
org.tang.exam.R$anim: int dialog_alpha_in
org.tang.exam.R$anim: int dialog_enter
org.tang.exam.R$anim: int dialog_exit
org.tang.exam.R$anim: int dialog_push_up_in
org.tang.exam.R$anim: int dialog_push_up_out
org.tang.exam.R$anim: int enter_dropdown
org.tang.exam.R$anim: int enter_dropup
org.tang.exam.R$array: int ack_list
org.tang.exam.R$array: int attendance_menu_item_list
org.tang.exam.R$array: int feature_list
org.tang.exam.R$array: int subject_list
org.tang.exam.R$attr: int actionBarDivider
org.tang.exam.R$attr: int actionBarItemBackground
org.tang.exam.R$attr: int actionBarSize
org.tang.exam.R$attr: int actionBarSplitStyle
org.tang.exam.R$attr: int actionBarStyle
org.tang.exam.R$attr: int actionBarTabBarStyle
org.tang.exam.R$attr: int actionBarTabStyle
org.tang.exam.R$attr: int actionBarTabTextStyle
org.tang.exam.R$attr: int actionBarWidgetTheme
org.tang.exam.R$attr: int actionButtonStyle
org.tang.exam.R$attr: int actionDropDownStyle
org.tang.exam.R$attr: int actionLayout
org.tang.exam.R$attr: int actionMenuTextAppearance
org.tang.exam.R$attr: int actionMenuTextColor
org.tang.exam.R$attr: int actionModeBackground
org.tang.exam.R$attr: int actionModeCloseButtonStyle
org.tang.exam.R$attr: int actionModeCloseDrawable
org.tang.exam.R$attr: int actionModeCopyDrawable
org.tang.exam.R$attr: int actionModeCutDrawable
org.tang.exam.R$attr: int actionModeFindDrawable
org.tang.exam.R$attr: int actionModePasteDrawable
org.tang.exam.R$attr: int actionModePopupWindowStyle
org.tang.exam.R$attr: int actionModeSelectAllDrawable
org.tang.exam.R$attr: int actionModeShareDrawable
org.tang.exam.R$attr: int actionModeSplitBackground
org.tang.exam.R$attr: int actionModeStyle
org.tang.exam.R$attr: int actionModeWebSearchDrawable
org.tang.exam.R$attr: int actionOverflowButtonStyle
org.tang.exam.R$attr: int actionProviderClass
org.tang.exam.R$attr: int actionViewClass
org.tang.exam.R$bool: int abc_action_bar_embed_tabs_pre_jb
org.tang.exam.R$bool: int abc_action_bar_expanded_action_views_exclusive
org.tang.exam.R$bool: int abc_config_actionMenuItemAllCaps
org.tang.exam.R$bool: int abc_config_allowActionMenuItemTextWithIcon
org.tang.exam.R$bool: int abc_config_showMenuShortcutsWhenKeyboardPresent
org.tang.exam.R$bool: int abc_split_action_bar_is_narrow
...
com.aps.z
com.aps.z: byte[] a
com.aps.z: short b
com.aps.z: byte[] c
com.aps.z: z()
com.autonavi.amap.mapcore.BaseMapCallImplement
com.autonavi.amap.mapcore.BaseMapCallImplement: java.util.ArrayList baseMapGrids
com.autonavi.amap.mapcore.BaseMapCallImplement: java.util.ArrayList bldMapGrids
com.autonavi.amap.mapcore.BaseMapCallImplement: java.util.ArrayList bmpbmMapGirds
com.autonavi.amap.mapcore.BaseMapCallImplement: java.util.ArrayList vectmcMapGirds
com.autonavi.amap.mapcore.BaseMapCallImplement: java.util.ArrayList stiMapGirds
com.autonavi.amap.mapcore.BaseMapCallImplement: java.util.ArrayList mapModels
com.autonavi.amap.mapcore.BaseMapCallImplement: java.util.ArrayList screenGirds
com.autonavi.amap.mapcore.BaseMapCallImplement: com.autonavi.amap.mapcore.ConnectionManager connectionManager
com.autonavi.amap.mapcore.BaseMapCallImplement: com.autonavi.amap.mapcore.d tileProcessCtrl
com.autonavi.amap.mapcore.BaseMapCallImplement: com.autonavi.amap.mapcore.c connectionPool
com.autonavi.amap.mapcore.BaseMapCallImplement: BaseMapCallImplement()
com.autonavi.amap.mapcore.BaseMapCallImplement: void destory()
com.autonavi.amap.mapcore.BaseMapCallImplement: void OnMapDataRequired(com.autonavi.amap.mapcore.MapCore,int,java.lang.String[])
com.autonavi.amap.mapcore.BaseMapCallImplement: java.util.ArrayList getScreenGridList(int)
com.autonavi.amap.mapcore.BaseMapCallImplement: boolean isGridsInScreen(java.util.ArrayList,int)
com.autonavi.amap.mapcore.ConnectionManager
com.autonavi.amap.mapcore.ConnectionManager: com.autonavi.amap.mapcore.c connectionPool
com.autonavi.amap.mapcore.ConnectionManager: int sleepTime
com.autonavi.amap.mapcore.ConnectionManager: boolean threadFlag
com.autonavi.amap.mapcore.ConnectionManager: ConnectionManager()
com.autonavi.amap.mapcore.ConnectionManager: int getTaskCount()
com.autonavi.amap.mapcore.ConnectionManager: void addConntionTask(com.autonavi.amap.mapcore.MapLoader)
com.autonavi.amap.mapcore.ConnectionManager: void insertConntionTask(com.autonavi.amap.mapcore.MapLoader)
com.autonavi.amap.mapcore.ConnectionManager: void run()
com.autonavi.amap.mapcore.ConnectionManager: boolean isEmptyTask()
com.autonavi.amap.mapcore.ConnectionManager: void finalize()
com.autonavi.amap.mapcore.Convert
com.autonavi.amap.mapcore.Convert: Convert()
com.autonavi.amap.mapcore.Convert: int getInt(byte[],int)
com.autonavi.amap.mapcore.Convert: short getShort(byte[],int)
com.autonavi.amap.mapcore.Convert: int getUShort(byte[],int)
com.autonavi.amap.mapcore.Convert: boolean getBit(byte,int)
com.autonavi.amap.mapcore.Convert: byte[] copyString(byte[],int,int)
com.autonavi.amap.mapcore.Convert: byte[] covertBytes(byte)
com.autonavi.amap.mapcore.Convert: byte[] convertInt(int)
com.autonavi.amap.mapcore.Convert: int getNum(byte,int,int)
com.autonavi.amap.mapcore.Convert: int getNum(short,int,int)
com.autonavi.amap.mapcore.Convert: byte[] convertShort(int)
com.autonavi.amap.mapcore.Convert: void writeInt(byte[],int,int)
com.autonavi.amap.mapcore.Convert: void writeShort(byte[],int,short)
com.autonavi.amap.mapcore.Convert: void moveArray(byte[],int,byte[],int,int)
com.autonavi.amap.mapcore.Convert: java.lang.String getString(byte[],int,int)
com.autonavi.amap.mapcore.Convert: byte[] getSubBytes(byte[],int,int)
com.autonavi.amap.mapcore.Convert: byte[] get1BString(java.lang.String)
com.autonavi.amap.mapcore.Convert: byte[] get2BString(java.lang.String)
com.autonavi.amap.mapcore.Convert: double convertDouble(byte[],int)
com.autonavi.amap.mapcore.Convert: byte[] getDouble(double)
com.autonavi.amap.mapcore.Convert: void convert1bString(byte[],int,com.autonavi.amap.mapcore.a)
com.autonavi.amap.mapcore.DPoint
com.autonavi.amap.mapcore.DPoint: double x
com.autonavi.amap.mapcore.DPoint: double y
com.autonavi.amap.mapcore.DPoint: DPoint()
com.autonavi.amap.mapcore.DPoint: DPoint(double,double)