Exam/proguard/mapping.txt
org.tang.exam.R -> a:
org.tang.exam.R$styleable -> b:
    int[] ActionBar -> ActionBar
    int ActionBar_background -> ActionBar_background
    int ActionBar_backgroundSplit -> ActionBar_backgroundSplit
    int ActionBar_backgroundStacked -> ActionBar_backgroundStacked
    int ActionBar_customNavigationLayout -> ActionBar_customNavigationLayout
    int ActionBar_displayOptions -> ActionBar_displayOptions
    int ActionBar_divider -> ActionBar_divider
    int ActionBar_height -> ActionBar_height
    int ActionBar_homeLayout -> ActionBar_homeLayout
    int ActionBar_icon -> ActionBar_icon
    int ActionBar_indeterminateProgressStyle -> ActionBar_indeterminateProgressStyle
    int ActionBar_itemPadding -> ActionBar_itemPadding
    int ActionBar_logo -> ActionBar_logo
    int ActionBar_navigationMode -> ActionBar_navigationMode
    int ActionBar_progressBarPadding -> ActionBar_progressBarPadding
    int ActionBar_progressBarStyle -> ActionBar_progressBarStyle
    int ActionBar_subtitle -> ActionBar_subtitle
    int ActionBar_subtitleTextStyle -> ActionBar_subtitleTextStyle
    int ActionBar_title -> ActionBar_title
    int ActionBar_titleTextStyle -> ActionBar_titleTextStyle
    int[] ActionBarLayout -> ActionBarLayout
    int ActionBarLayout_android_layout_gravity -> ActionBarLayout_android_layout_gravity
    int[] ActionBarWindow -> ActionBarWindow
    int ActionBarWindow_windowActionBar -> ActionBarWindow_windowActionBar
org.tang.exam.activity.AboutActivity -> org.tang.exam.activity.AboutActivity:
    15:22:void onCreate(android.os.Bundle) -> onCreate
    26:31:boolean onOptionsItemSelected(android.view.MenuItem) -> onOptionsItemSelected
    35:35:void initView() -> a
org.tang.exam.activity.AttendanceActivity -> org.tang.exam.activity.AttendanceActivity:
    org.tang.exam.adapter.TabsAdapter mTabsAdapter -> a
    android.support.v4.view.ViewPager mViewPager -> b
    android.app.ProgressDialog prgDialog -> c
    org.tang.exam.utils.MyLocationManager mLocation -> d
    org.tang.exam.view.DropDownListView lvAttendanceRecordList -> e
    org.tang.exam.activity.AttendanceActivity$GpsDataChangeListener gpsDataChangeListener -> f
    68:71:void showProgressDialog() -> b
    74:77:void closeProgressDialog() -> c
    81:105:void onCreate(android.os.Bundle) -> onCreate
    110:120:java.util.List getData() -> a
    127:129:boolean onCreateOptionsMenu(android.view.Menu) -> onCreateOptionsMenu
    134:143:boolean onOptionsItemSelected(android.view.MenuItem) -> onOptionsItemSelected
    147:150:void onRemoteAttendance() -> d
    154:166:void addAttendanceRecordList(java.util.ArrayList) -> a
    173:217:void saveAttendanceRecordToServer(org.tang.exam.entity.AttendanceRecord) -> a
    224:227:void refreshAttendanceRecordList() -> e
    58:58:org.tang.exam.utils.MyLocationManager access$0(org.tang.exam.activity.AttendanceActivity) -> a
    73:73:void access$1(org.tang.exam.activity.AttendanceActivity) -> b
    172:172:void access$2(org.tang.exam.activity.AttendanceActivity,org.tang.exam.entity.AttendanceRecord) -> a
    152:152:void access$3(org.tang.exam.activity.AttendanceActivity,java.util.ArrayList) -> a
org.tang.exam.activity.AttendanceActivity$1 -> c:
    org.tang.exam.activity.AttendanceActivity this$0 -> a
    org.tang.exam.entity.AttendanceRecord val$a -> b
    186:208:void onResponse(java.lang.String) -> a
    1:1:void onResponse(java.lang.Object) -> onResponse
org.tang.exam.activity.AttendanceActivity$2 -> d:
    org.tang.exam.activity.AttendanceActivity this$0 -> a
    212:213:void onErrorResponse(com.android.volley.VolleyError) -> onErrorResponse
org.tang.exam.activity.AttendanceActivity$DropDownListener -> e:
    org.tang.exam.activity.AttendanceActivity this$0 -> a
    308:309:boolean onNavigationItemSelected(int,long) -> onNavigationItemSelected
...
android.support.v7.internal.widget.AdapterViewICS$OnItemLongClickListener -> android.support.v7.internal.widget.AdapterViewICS$OnItemLongClickListener:
    boolean onItemLongClick(android.support.v7.internal.widget.AdapterViewICS,android.view.View,int,long) -> onItemLongClick
android.support.v7.internal.widget.AdapterViewICS$OnItemSelectedListener -> android.support.v7.internal.widget.AdapterViewICS$OnItemSelectedListener:
    void onItemSelected(android.support.v7.internal.widget.AdapterViewICS,android.view.View,int,long) -> onItemSelected
    void onNothingSelected(android.support.v7.internal.widget.AdapterViewICS) -> onNothingSelected
android.support.v7.internal.widget.AdapterViewICS$SelectionNotifier -> android.support.v7.internal.widget.AdapterViewICS$SelectionNotifier:
    android.support.v7.internal.widget.AdapterViewICS this$0 -> this$0
    855:865:void run() -> run
android.support.v7.internal.widget.CompatTextView -> android.support.v7.internal.widget.CompatTextView:
android.support.v7.internal.widget.CompatTextView$AllCapsTransformationMethod -> android.support.v7.internal.widget.CompatTextView$AllCapsTransformationMethod:
    java.util.Locale mLocale -> mLocale
    74:74:java.lang.CharSequence getTransformation(java.lang.CharSequence,android.view.View) -> getTransformation
    80:80:void onFocusChanged(android.view.View,java.lang.CharSequence,boolean,int,android.graphics.Rect) -> onFocusChanged
android.support.v7.internal.widget.LinearLayoutICS -> android.support.v7.internal.widget.LinearLayoutICS:
    int SHOW_DIVIDER_NONE -> SHOW_DIVIDER_NONE
    int SHOW_DIVIDER_BEGINNING -> SHOW_DIVIDER_BEGINNING
    int SHOW_DIVIDER_MIDDLE -> SHOW_DIVIDER_MIDDLE
    int SHOW_DIVIDER_END -> SHOW_DIVIDER_END
    android.graphics.drawable.Drawable mDivider -> mDivider
    int mDividerWidth -> mDividerWidth
    int mDividerHeight -> mDividerHeight
    int mShowDividers -> mShowDividers
    int mDividerPadding -> mDividerPadding
    65:65:int getSupportDividerWidth() -> getSupportDividerWidth
    70:79:void onDraw(android.graphics.Canvas) -> onDraw
    85:109:void measureChildWithMargins(android.view.View,int,int,int,int) -> measureChildWithMargins
    112:132:void drawSupportDividersVertical(android.graphics.Canvas) -> drawSupportDividersVertical
    135:155:void drawSupportDividersHorizontal(android.graphics.Canvas) -> drawSupportDividersHorizontal
    158:161:void drawSupportHorizontalDivider(android.graphics.Canvas,int) -> drawSupportHorizontalDivider
    164:167:void drawSupportVerticalDivider(android.graphics.Canvas,int) -> drawSupportVerticalDivider
    176:190:boolean hasSupportDividerBeforeChildAt(int) -> hasSupportDividerBeforeChildAt