Exam/proguard/usage.txt
org.tang.exam.BuildConfig
org.tang.exam.Manifest
org.tang.exam.Manifest$permission
org.tang.exam.R:
    10:10:public R()
org.tang.exam.R$anim
org.tang.exam.R$array
org.tang.exam.R$attr
org.tang.exam.R$bool
org.tang.exam.R$color
org.tang.exam.R$dimen
org.tang.exam.R$drawable
org.tang.exam.R$id
org.tang.exam.R$integer
org.tang.exam.R$layout
org.tang.exam.R$menu
org.tang.exam.R$string
org.tang.exam.R$style
org.tang.exam.R$styleable:
    2346:2346:public R$styleable()
org.tang.exam.Test
org.tang.exam.activity.AttendanceActivity:
    private static final java.lang.String TAG
org.tang.exam.activity.AttendanceGdActivity:
    private static final java.lang.String TAG
org.tang.exam.activity.AttendanceRecordDetailActivity
org.tang.exam.activity.CameraActivity:
    protected static final java.lang.String TAG
    66:72:private boolean checkCameraHardware(android.content.Context)
org.tang.exam.activity.GuideActivity:
    private static final java.lang.String TAG
org.tang.exam.activity.LoginActivity:
    private static final java.lang.String TAG
org.tang.exam.activity.MainActivity:
    private static final java.lang.String TAG
org.tang.exam.activity.MapActivity:
    static final java.lang.String TAG
    135:140:public void showDialog()
    186:190:public void getAddress(com.amap.api.services.core.LatLonPoint)
org.tang.exam.activity.ScoreActivity:
    private static final java.lang.String TAG
org.tang.exam.activity.WelcomeActivity:
    private static final int GO_HOME
    private static final int GO_GUIDE
    private static final int SPLASH_DELAY_MILLIS
org.tang.exam.adapter.ChatMsgViewAdapter:
    200:200:private void stop()
org.tang.exam.adapter.ChatMsgViewAdapter$IMsgViewType
org.tang.exam.adapter.UserListAdapter:
    private static final java.lang.String TAG
    50:50:public java.util.HashMap getIsSelected()
    54:55:public void setIsSelected(java.util.HashMap)
    93:93:public java.util.HashMap getSelectMap()
    97:99:public void clearAll()
    102:107:public void selectAll()
    58:58:static synthetic java.util.ArrayList access$0(org.tang.exam.adapter.UserListAdapter)
    45:45:static synthetic java.util.HashMap access$1(org.tang.exam.adapter.UserListAdapter)
org.tang.exam.adapter.UserListAdapter$MyCheckedChangeListener
org.tang.exam.adapter.UserListAdapter$ViewHolder:
    200:200:public android.widget.ImageView getIvUserAvatar()
    203:204:public void setIvUserAvatar(android.widget.ImageView)
    206:206:public android.widget.TextView getTvUserName()
    209:210:public void setTvUserName(android.widget.TextView)
    212:212:public android.widget.TextView getTvRemark()
    215:216:public void setTvRemark(android.widget.TextView)
    221:222:public void setTvUnReadCount(android.widget.TextView)
org.tang.exam.base.MyApplication:
    9:9:public int getNewsCount()
    13:14:public void plusNewsCount()
    1:1:public static bridge synthetic org.tang.exam.base.BaseApplication getInstance()
org.tang.exam.base.MyCustomExceptionHandler:
    private static final java.lang.String TAG
org.tang.exam.common.AppConfig:
    private static final java.lang.String DB_NAME
org.tang.exam.common.AppConstant
org.tang.exam.common.AppConstant$Ack
org.tang.exam.common.AppConstant$HomeworkQueryType
org.tang.exam.common.AppConstant$MessageGroupType
org.tang.exam.common.AppConstant$MessageObjectType
org.tang.exam.common.AppConstant$MessageSendStatus
org.tang.exam.common.AppConstant$MessageType
org.tang.exam.common.AppConstant$NoticeQueryType
org.tang.exam.common.AppConstant$NoticeType
org.tang.exam.common.AppConstant$Sex
org.tang.exam.common.AppConstant$UserType
org.tang.exam.common.SyncRoster:
    private static final java.lang.String TAG
...
demo.Pinyin4jAppletDemo
demo.Pinyin4jAppletDemo$1
demo.Pinyin4jAppletDemo$2
demo.Pinyin4jAppletDemo$3